
> @terminus-web/web@1.1.10 build
> next build

▲ Next.js 16.1.5 (Turbopack)
- Environments: .env.local

  Creating an optimized production build ...
✓ Compiled successfully in 1684.8ms
  Running TypeScript ...
  Collecting page data using 7 workers ...
  Generating static pages using 7 workers (0/11) ...
  Generating static pages using 7 workers (2/11) 
  Generating static pages using 7 workers (5/11) 
  Generating static pages using 7 workers (8/11) 
✓ Generating static pages using 7 workers (11/11) in 111.7ms
  Finalizing page optimization ...

Route (app)
┌ ○ /
├ ○ /_not-found
├ ƒ /api/opencode/[...path]
├ ƒ /api/pty-sessions
├ ƒ /api/pty-sessions/[id]
├ ƒ /api/update
├ ƒ /api/update/status
├ ○ /login
├ ○ /sessions
├ ƒ /sessions/[id]
├ ○ /settings
├ ○ /settings/providers
└ ○ /terminal


○  (Static)   prerendered as static content
ƒ  (Dynamic)  server-rendered on demand

